{
  "RSpec": {
    "coverage": {
      "/home/shaleenchugh/development/eshop/app/models/address.rb": [
        1,
        1,
        1,
        null,
        null
      ],
      "/home/shaleenchugh/development/eshop/spec/models/address_type_spec.rb": [
        1,
        null,
        1,
        2,
        null
      ],
      "/home/shaleenchugh/development/eshop/app/models/address_type.rb": [
        1,
        1,
        null,
        null
      ],
      "/home/shaleenchugh/development/eshop/spec/models/cart_spec.rb": [
        1,
        null,
        1,
        1,
        3,
        3,
        3,
        3,
        null,
        2,
        null,
        1,
        1,
        null,
        null,
        1,
        1,
        null,
        null,
        null,
        1,
        1,
        null,
        null,
        null
      ],
      "/home/shaleenchugh/development/eshop/app/models/cart.rb": [
        1,
        1,
        null,
        1,
        1,
        null,
        null,
        1,
        1,
        1,
        2,
        null,
        null,
        null,
        null,
        null,
        2,
        null,
        null,
        null,
        null,
        1,
        0,
        null,
        null
      ],
      "/home/shaleenchugh/development/eshop/spec/models/category_spec.rb": [
        1,
        null,
        1,
        2,
        null
      ],
      "/home/shaleenchugh/development/eshop/app/models/category.rb": [
        1,
        1,
        null,
        null
      ],
      "/home/shaleenchugh/development/eshop/spec/models/phone_spec.rb": [
        1,
        null,
        1,
        2,
        null
      ],
      "/home/shaleenchugh/development/eshop/app/models/phone.rb": [
        1,
        1,
        null
      ],
      "/home/shaleenchugh/development/eshop/spec/models/phone_type_spec.rb": [
        1,
        null,
        1,
        2,
        null
      ],
      "/home/shaleenchugh/development/eshop/app/models/phone_type.rb": [
        1,
        1,
        null
      ],
      "/home/shaleenchugh/development/eshop/spec/models/product_spec.rb": [
        1,
        null,
        1,
        2,
        2,
        2,
        null,
        1,
        1,
        1,
        1,
        null,
        null,
        1,
        1,
        1,
        1,
        1,
        null,
        1,
        1,
        null,
        null,
        null
      ],
      "/home/shaleenchugh/development/eshop/app/models/product.rb": [
        1,
        1,
        1,
        1,
        null,
        null,
        1,
        null,
        1,
        1,
        null,
        null
      ],
      "/home/shaleenchugh/development/eshop/spec/models/user_spec.rb": [
        1,
        null,
        1,
        null,
        2,
        2,
        2,
        null,
        1,
        1,
        1,
        1,
        1,
        1,
        null,
        null,
        null,
        1,
        1,
        1,
        1,
        1,
        null,
        null,
        null,
        null
      ],
      "/home/shaleenchugh/development/eshop/app/models/user.rb": [
        1,
        1,
        1,
        1,
        1,
        null,
        1,
        null,
        1,
        null,
        1,
        1,
        1,
        null,
        null
      ],
      "/home/shaleenchugh/development/eshop/app/models/product_price.rb": [
        1,
        1,
        null,
        1,
        1,
        1,
        null,
        null
      ],
      "/home/shaleenchugh/development/eshop/app/models/order.rb": [
        1,
        1,
        1,
        null,
        null,
        1,
        null,
        null,
        1,
        0,
        0,
        null,
        0,
        null,
        null,
        1,
        0,
        null,
        null,
        1,
        0,
        0,
        0,
        0,
        null,
        null,
        null,
        null,
        null,
        1,
        null,
        1,
        0,
        0,
        null,
        0,
        null,
        null,
        null,
        1,
        null,
        null,
        null,
        null,
        null,
        null,
        null,
        null,
        null,
        null,
        0,
        null,
        null,
        1,
        null,
        null,
        null,
        null,
        0,
        null,
        null,
        1,
        0,
        0,
        0,
        null,
        null,
        null,
        null,
        1,
        null,
        null,
        null,
        null,
        null,
        null,
        null,
        null,
        0,
        null,
        null,
        null,
        null
      ]
    },
    "timestamp": 1393700025
  }
}
